2021/07/01 13:16:12 app.go:178: GET:  /api/v1/namespace/pavedroad/eventbridge/jobsLIST
2021/07/01 13:16:12 app.go:186: GET:  /api/v1/namespace/pavedroad/eventbridge/schedulerLIST
2021/07/01 13:16:12 app.go:194: GET:  /api/v1/namespace/pavedroad/eventbridge/jobs/{key}
2021/07/01 13:16:12 app.go:202: GET:  /api/v1/namespace/pavedroad/eventbridge/scheduler
2021/07/01 13:16:12 app.go:210: GET:  /api/v1/namespace/pavedroad/eventbridge/liveness
2021/07/01 13:16:12 app.go:218: GET:  /api/v1/namespace/pavedroad/eventbridge/ready
2021/07/01 13:16:12 app.go:226: GET:  /api/v1/namespace/pavedroad/eventbridge/metrics
2021/07/01 13:16:12 app.go:234: GET:  /api/v1/namespace/pavedroad/eventbridge/management
2021/07/01 13:16:12 app.go:242: PUT:  /api/v1/namespace/pavedroad/eventbridge/management
2021/07/01 13:16:12 app.go:250: PUT:  /api/v1/namespace/pavedroad/eventbridge/jobs/{key}
2021/07/01 13:16:12 app.go:258: DELETE:  /api/v1/namespace/pavedroad/eventbridge/jobs/{key}
2021/07/01 13:16:12 app.go:266: POST:  /api/v1/namespace/pavedroad/eventbridge/jobs
2021/07/01 13:16:12 app.go:274: PUT:  /api/v1/namespace/pavedroad/eventbridge/scheduler
2021/07/01 13:16:12 app.go:282: DELETE:  /api/v1/namespace/pavedroad/eventbridge/scheduler
2021/07/01 13:16:12 app.go:290: POST:  /api/v1/namespace/pavedroad/eventbridge/scheduler
2021/07/01 13:16:12 app.go:72: Listing at: 127.0.0.1:8081
2021/07/01 13:16:12 dispatcher.go:594: Worker pool created, 5 workers
2021/07/01 13:16:12 dispatcher.go:446: Dispatcher result channel started worker result -> scheduler  result
2021/07/01 13:16:12 scheduler.go:425: Starting result reader
2021/07/01 13:16:13 logProcessorJob.go:122: &{200 OK 200 HTTP/1.1 1 1 map[Content-Length:[7] Content-Type:[text/plain; charset=utf-8] Date:[Thu, 01 Jul 2021 23:16:13 GMT]] 0xc000070200 7 [] false false map[] 0xc0001daa00 <nil>}
2021/07/01 13:16:13 logProcessorJob.go:122: &{200 OK 200 HTTP/1.1 1 1 map[Content-Length:[7] Content-Type:[text/plain; charset=utf-8] Date:[Thu, 01 Jul 2021 23:16:13 GMT]] 0xc0004b4280 7 [] false false map[] 0xc0001db100 <nil>}
2021/07/01 13:16:14 logProcessorJob.go:122: &{200 OK 200 HTTP/1.1 1 1 map[Content-Length:[7] Content-Type:[text/plain; charset=utf-8] Date:[Thu, 01 Jul 2021 23:16:14 GMT]] 0xc00016e700 7 [] false false map[] 0xc00018ea00 <nil>}
2021/07/01 13:16:14 logProcessorJob.go:122: &{200 OK 200 HTTP/1.1 1 1 map[Content-Length:[7] Content-Type:[text/plain; charset=utf-8] Date:[Thu, 01 Jul 2021 23:16:14 GMT]] 0xc00016e900 7 [] false false map[] 0xc0001dba00 <nil>}
2021/07/01 13:16:14 logProcessorJob.go:122: &{200 OK 200 HTTP/1.1 1 1 map[Content-Length:[7] Content-Type:[text/plain; charset=utf-8] Date:[Thu, 01 Jul 2021 23:16:14 GMT]] 0xc00016eb40 7 [] false false map[] 0xc00018f200 <nil>}
2021/07/01 13:16:16 logProcessorJob.go:122: &{200 OK 200 HTTP/1.1 1 1 map[Content-Length:[7] Content-Type:[text/plain; charset=utf-8] Date:[Thu, 01 Jul 2021 23:16:16 GMT]] 0xc0004b4140 7 [] false false map[] 0xc00040c100 <nil>}
