2021/07/01 15:00:46 app.go:178: GET:  /api/v1/namespace/pavedroad/eventbridge/jobsLIST
2021/07/01 15:00:46 dispatcher.go:594: Worker pool created, 5 workers
2021/07/01 15:00:46 app.go:186: GET:  /api/v1/namespace/pavedroad/eventbridge/schedulerLIST
2021/07/01 15:00:46 dispatcher.go:446: Dispatcher result channel started worker result -> scheduler  result
2021/07/01 15:00:46 app.go:194: GET:  /api/v1/namespace/pavedroad/eventbridge/jobs/{key}
2021/07/01 15:00:46 app.go:202: GET:  /api/v1/namespace/pavedroad/eventbridge/scheduler
2021/07/01 15:00:46 app.go:210: GET:  /api/v1/namespace/pavedroad/eventbridge/liveness
2021/07/01 15:00:46 app.go:218: GET:  /api/v1/namespace/pavedroad/eventbridge/ready
2021/07/01 15:00:46 app.go:226: GET:  /api/v1/namespace/pavedroad/eventbridge/metrics
2021/07/01 15:00:46 app.go:234: GET:  /api/v1/namespace/pavedroad/eventbridge/management
2021/07/01 15:00:46 app.go:242: PUT:  /api/v1/namespace/pavedroad/eventbridge/management
2021/07/01 15:00:46 app.go:250: PUT:  /api/v1/namespace/pavedroad/eventbridge/jobs/{key}
2021/07/01 15:00:46 app.go:258: DELETE:  /api/v1/namespace/pavedroad/eventbridge/jobs/{key}
2021/07/01 15:00:46 app.go:266: POST:  /api/v1/namespace/pavedroad/eventbridge/jobs
2021/07/01 15:00:46 app.go:274: PUT:  /api/v1/namespace/pavedroad/eventbridge/scheduler
2021/07/01 15:00:46 app.go:282: DELETE:  /api/v1/namespace/pavedroad/eventbridge/scheduler
2021/07/01 15:00:46 app.go:290: POST:  /api/v1/namespace/pavedroad/eventbridge/scheduler
2021/07/01 15:00:46 app.go:72: Listing at: 127.0.0.1:8081
2021/07/01 15:00:46 scheduler.go:425: Starting result reader
2021/07/01 15:00:47 logProcessorJob.go:122: &{200 OK 200 HTTP/1.1 1 1 map[Content-Length:[7] Content-Type:[text/plain; charset=utf-8] Date:[Fri, 02 Jul 2021 01:00:47 GMT]] 0xc000543880 7 [] false false map[] 0xc0000ee500 <nil>}
2021/07/01 15:00:47 logProcessorJob.go:122: &{200 OK 200 HTTP/1.1 1 1 map[Content-Length:[7] Content-Type:[text/plain; charset=utf-8] Date:[Fri, 02 Jul 2021 01:00:47 GMT]] 0xc000543a40 7 [] false false map[] 0xc0001cc800 <nil>}
2021/07/01 15:00:47 logProcessorJob.go:122: &{200 OK 200 HTTP/1.1 1 1 map[Content-Length:[7] Content-Type:[text/plain; charset=utf-8] Date:[Fri, 02 Jul 2021 01:00:47 GMT]] 0xc000543bc0 7 [] false false map[] 0xc0001ccb00 <nil>}
2021/07/01 15:00:47 logProcessorJob.go:122: &{200 OK 200 HTTP/1.1 1 1 map[Content-Length:[7] Content-Type:[text/plain; charset=utf-8] Date:[Fri, 02 Jul 2021 01:00:47 GMT]] 0xc000532440 7 [] false false map[] 0xc000560500 <nil>}
2021/07/01 15:00:48 logProcessorJob.go:122: &{200 OK 200 HTTP/1.1 1 1 map[Content-Length:[7] Content-Type:[text/plain; charset=utf-8] Date:[Fri, 02 Jul 2021 01:00:48 GMT]] 0xc0001a0340 7 [] false false map[] 0xc0001cd300 <nil>}
2021/07/01 15:00:48 logProcessorJob.go:122: &{200 OK 200 HTTP/1.1 1 1 map[Content-Length:[7] Content-Type:[text/plain; charset=utf-8] Date:[Fri, 02 Jul 2021 01:00:48 GMT]] 0xc0005328c0 7 [] false false map[] 0xc0001cdc00 <nil>}
2021/07/01 15:00:48 logProcessorJob.go:122: &{200 OK 200 HTTP/1.1 1 1 map[Content-Length:[7] Content-Type:[text/plain; charset=utf-8] Date:[Fri, 02 Jul 2021 01:00:48 GMT]] 0xc000070540 7 [] false false map[] 0xc0000ef100 <nil>}
2021/07/01 15:00:50 logProcessorJob.go:122: &{200 OK 200 HTTP/1.1 1 1 map[Content-Length:[7] Content-Type:[text/plain; charset=utf-8] Date:[Fri, 02 Jul 2021 01:00:50 GMT]] 0xc000532840 7 [] false false map[] 0xc000158d00 <nil>}
2021/07/01 15:00:50 logProcessorJob.go:122: &{200 OK 200 HTTP/1.1 1 1 map[Content-Length:[7] Content-Type:[text/plain; charset=utf-8] Date:[Fri, 02 Jul 2021 01:00:50 GMT]] 0xc000070400 7 [] false false map[] 0xc000159000 <nil>}
2021/07/01 15:00:50 logProcessorJob.go:122: &{200 OK 200 HTTP/1.1 1 1 map[Content-Length:[7] Content-Type:[text/plain; charset=utf-8] Date:[Fri, 02 Jul 2021 01:00:50 GMT]] 0xc0001a0b80 7 [] false false map[] 0xc0001cc500 <nil>}
2021/07/01 15:00:50 logProcessorJob.go:122: &{200 OK 200 HTTP/1.1 1 1 map[Content-Length:[7] Content-Type:[text/plain; charset=utf-8] Date:[Fri, 02 Jul 2021 01:00:50 GMT]] 0xc000532a40 7 [] false false map[] 0xc0000eea00 <nil>}
2021/07/01 15:00:50 logProcessorJob.go:122: &{200 OK 200 HTTP/1.1 1 1 map[Content-Length:[7] Content-Type:[text/plain; charset=utf-8] Date:[Fri, 02 Jul 2021 01:00:50 GMT]] 0xc000532bc0 7 [] false false map[] 0xc000159300 <nil>}
2021/07/01 15:00:51 logProcessorJob.go:122: &{200 OK 200 HTTP/1.1 1 1 map[Content-Length:[7] Content-Type:[text/plain; charset=utf-8] Date:[Fri, 02 Jul 2021 01:00:51 GMT]] 0xc0005326c0 7 [] false false map[] 0xc0001cd100 <nil>}
2021/07/01 15:00:51 logProcessorJob.go:122: &{200 OK 200 HTTP/1.1 1 1 map[Content-Length:[7] Content-Type:[text/plain; charset=utf-8] Date:[Fri, 02 Jul 2021 01:00:51 GMT]] 0xc000070f00 7 [] false false map[] 0xc0001cd800 <nil>}
2021/07/01 15:00:51 logProcessorJob.go:122: &{200 OK 200 HTTP/1.1 1 1 map[Content-Length:[7] Content-Type:[text/plain; charset=utf-8] Date:[Fri, 02 Jul 2021 01:00:51 GMT]] 0xc000532880 7 [] false false map[] 0xc000158600 <nil>}
2021/07/01 15:00:51 logProcessorJob.go:122: &{200 OK 200 HTTP/1.1 1 1 map[Content-Length:[7] Content-Type:[text/plain; charset=utf-8] Date:[Fri, 02 Jul 2021 01:00:51 GMT]] 0xc0001a0180 7 [] false false map[] 0xc0001cdb00 <nil>}
2021/07/01 15:00:53 logProcessorJob.go:122: &{200 OK 200 HTTP/1.1 1 1 map[Content-Length:[7] Content-Type:[text/plain; charset=utf-8] Date:[Fri, 02 Jul 2021 01:00:53 GMT]] 0xc000532bc0 7 [] false false map[] 0xc000158500 <nil>}
2021/07/01 15:15:52 logProcessorJob.go:122: &{200 OK 200 HTTP/1.1 1 1 map[Content-Length:[7] Content-Type:[text/plain; charset=utf-8] Date:[Fri, 02 Jul 2021 01:15:52 GMT]] 0xc0001a0400 7 [] false false map[] 0xc000560d00 <nil>}
2021/07/01 15:15:52 logProcessorJob.go:122: &{200 OK 200 HTTP/1.1 1 1 map[Content-Length:[7] Content-Type:[text/plain; charset=utf-8] Date:[Fri, 02 Jul 2021 01:15:52 GMT]] 0xc0005321c0 7 [] false false map[] 0xc0001cc700 <nil>}
2021/07/01 15:15:52 logProcessorJob.go:122: &{200 OK 200 HTTP/1.1 1 1 map[Content-Length:[7] Content-Type:[text/plain; charset=utf-8] Date:[Fri, 02 Jul 2021 01:15:52 GMT]] 0xc000480780 7 [] false false map[] 0xc0000ee300 <nil>}
2021/07/01 15:15:52 logProcessorJob.go:122: &{200 OK 200 HTTP/1.1 1 1 map[Content-Length:[7] Content-Type:[text/plain; charset=utf-8] Date:[Fri, 02 Jul 2021 01:15:52 GMT]] 0xc000480940 7 [] false false map[] 0xc000561000 <nil>}
2021/07/01 15:15:52 logProcessorJob.go:122: &{200 OK 200 HTTP/1.1 1 1 map[Content-Length:[7] Content-Type:[text/plain; charset=utf-8] Date:[Fri, 02 Jul 2021 01:15:52 GMT]] 0xc000532480 7 [] false false map[] 0xc000561300 <nil>}
2021/07/01 15:25:53 logProcessorJob.go:122: &{200 OK 200 HTTP/1.1 1 1 map[Content-Length:[7] Content-Type:[text/plain; charset=utf-8] Date:[Fri, 02 Jul 2021 01:25:53 GMT]] 0xc000532a00 7 [] false false map[] 0xc0000eed00 <nil>}
