2021/07/21 05:52:54 app.go:178: GET:  /api/v1/namespace/pavedroad/eventbridge/jobsLIST
2021/07/21 05:52:54 app.go:186: GET:  /api/v1/namespace/pavedroad/eventbridge/schedulerLIST
2021/07/21 05:52:54 app.go:194: GET:  /api/v1/namespace/pavedroad/eventbridge/jobs/{key}
2021/07/21 05:52:54 app.go:202: GET:  /api/v1/namespace/pavedroad/eventbridge/scheduler
2021/07/21 05:52:54 app.go:210: GET:  /api/v1/namespace/pavedroad/eventbridge/liveness
2021/07/21 05:52:54 app.go:218: GET:  /api/v1/namespace/pavedroad/eventbridge/ready
2021/07/21 05:52:54 app.go:226: GET:  /api/v1/namespace/pavedroad/eventbridge/metrics
2021/07/21 05:52:54 app.go:234: GET:  /api/v1/namespace/pavedroad/eventbridge/management
2021/07/21 05:52:54 app.go:242: PUT:  /api/v1/namespace/pavedroad/eventbridge/management
2021/07/21 05:52:54 app.go:250: PUT:  /api/v1/namespace/pavedroad/eventbridge/jobs/{key}
2021/07/21 05:52:54 app.go:258: DELETE:  /api/v1/namespace/pavedroad/eventbridge/jobs/{key}
2021/07/21 05:52:54 app.go:266: POST:  /api/v1/namespace/pavedroad/eventbridge/jobs
2021/07/21 05:52:54 app.go:274: PUT:  /api/v1/namespace/pavedroad/eventbridge/scheduler
2021/07/21 05:52:54 app.go:282: DELETE:  /api/v1/namespace/pavedroad/eventbridge/scheduler
2021/07/21 05:52:54 app.go:290: POST:  /api/v1/namespace/pavedroad/eventbridge/scheduler
2021/07/21 05:52:54 app.go:72: Listing at: 127.0.0.1:8081
2021/07/21 05:52:54 dispatcher.go:594: Worker pool created, 5 workers
2021/07/21 05:52:54 dispatcher.go:446: Dispatcher result channel started worker result -> scheduler  result
2021/07/21 05:52:54 scheduler.go:426: Starting result reader
2021/07/21 05:52:54 app.go:87: listen tcp 127.0.0.1:8081: bind: address already in use
